<?xml version="1.0" encoding="UTF-8"?>
<!-- Generated by org.testng.reporters.JUnitXMLReporter -->
<testsuite hostname="DESKTOP-BCBV1SP" ignored="0" name="Hub Spot Regression Test Cases" tests="4" failures="0" timestamp="17 Apr 2020 07:13:29 GMT" time="3.585" errors="0">
  <testcase name="@BeforeMethod setUp" time="1.992" classname="com.qa.hubspot.tests.BaseTest">
    <failure type="org.openqa.selenium.SessionNotCreatedException" message="session not created: This version of ChromeDriver only supports Chrome version 81
Build info: version: &amp;apos;3.141.59&amp;apos;, revision: &amp;apos;e82be7d358&amp;apos;, time: &amp;apos;2018-11-14T08:17:03&amp;apos;
System info: host: &amp;apos;DESKTOP-BCBV1SP&amp;apos;, ip: &amp;apos;192.168.0.102&amp;apos;, os.name: &amp;apos;Windows 10&amp;apos;, os.arch: &amp;apos;amd64&amp;apos;, os.version: &amp;apos;10.0&amp;apos;, java.version: &amp;apos;1.8.0_131&amp;apos;
Driver info: driver.version: ChromeDriver
remote stacktrace: Backtrace:
	Ordinal0 [0x00A05F73+2449267]
	Ordinal0 [0x00938361+1606497]
	Ordinal0 [0x0082F969+522601]
	Ordinal0 [0x007C05F3+67059]
	Ordinal0 [0x007BCD92+52626]
	Ordinal0 [0x007DC127+180519]
	Ordinal0 [0x007DBF2D+180013]
	Ordinal0 [0x007D9E5B+171611]
	Ordinal0 [0x007C1DD8+73176]
	Ordinal0 [0x007C2E50+77392]
	Ordinal0 [0x007C2DE9+77289]
	Ordinal0 [0x0094D8D7+1693911]
	GetHandleVerifier [0x00AA4036+522726]
	GetHandleVerifier [0x00AA3D74+522020]
	GetHandleVerifier [0x00AB9187+609079]
	GetHandleVerifier [0x00AA48A6+524886]
	Ordinal0 [0x00945CBC+1662140]
	Ordinal0 [0x0094F23B+1700411]
	Ordinal0 [0x0094F3A3+1700771]
	Ordinal0 [0x00965215+1790485]
	BaseThreadInitThunk [0x74DE6359+25]
	RtlGetAppContainerNamedObjectPath [0x77047B74+228]
	RtlGetAppContainerNamedObjectPath [0x77047B44+180]
">
      <![CDATA[org.openqa.selenium.SessionNotCreatedException: session not created: This version of ChromeDriver only supports Chrome version 81
Build info: version: '3.141.59', revision: 'e82be7d358', time: '2018-11-14T08:17:03'
System info: host: 'DESKTOP-BCBV1SP', ip: '192.168.0.102', os.name: 'Windows 10', os.arch: 'amd64', os.version: '10.0', java.version: '1.8.0_131'
Driver info: driver.version: ChromeDriver
remote stacktrace: Backtrace:
Ordinal0 [0x00A05F73+2449267]
Ordinal0 [0x00938361+1606497]
Ordinal0 [0x0082F969+522601]
Ordinal0 [0x007C05F3+67059]
Ordinal0 [0x007BCD92+52626]
Ordinal0 [0x007DC127+180519]
Ordinal0 [0x007DBF2D+180013]
Ordinal0 [0x007D9E5B+171611]
Ordinal0 [0x007C1DD8+73176]
Ordinal0 [0x007C2E50+77392]
Ordinal0 [0x007C2DE9+77289]
Ordinal0 [0x0094D8D7+1693911]
GetHandleVerifier [0x00AA4036+522726]
GetHandleVerifier [0x00AA3D74+522020]
GetHandleVerifier [0x00AB9187+609079]
GetHandleVerifier [0x00AA48A6+524886]
Ordinal0 [0x00945CBC+1662140]
Ordinal0 [0x0094F23B+1700411]
Ordinal0 [0x0094F3A3+1700771]
Ordinal0 [0x00965215+1790485]
BaseThreadInitThunk [0x74DE6359+25]
RtlGetAppContainerNamedObjectPath [0x77047B74+228]
RtlGetAppContainerNamedObjectPath [0x77047B44+180]

at org.openqa.selenium.remote.W3CHandshakeResponse.lambda$errorHandler$0(W3CHandshakeResponse.java:62)
at org.openqa.selenium.remote.HandshakeResponse.lambda$getResponseFunction$0(HandshakeResponse.java:30)
at org.openqa.selenium.remote.ProtocolHandshake.lambda$createSession$0(ProtocolHandshake.java:126)
at java.util.stream.ReferencePipeline$3$1.accept(ReferencePipeline.java:193)
at java.util.Spliterators$ArraySpliterator.tryAdvance(Spliterators.java:958)
at java.util.stream.ReferencePipeline.forEachWithCancel(ReferencePipeline.java:126)
at java.util.stream.AbstractPipeline.copyIntoWithCancel(AbstractPipeline.java:498)
at java.util.stream.AbstractPipeline.copyInto(AbstractPipeline.java:485)
at java.util.stream.AbstractPipeline.wrapAndCopyInto(AbstractPipeline.java:471)
at java.util.stream.FindOps$FindOp.evaluateSequential(FindOps.java:152)
at java.util.stream.AbstractPipeline.evaluate(AbstractPipeline.java:234)
at java.util.stream.ReferencePipeline.findFirst(ReferencePipeline.java:464)
at org.openqa.selenium.remote.ProtocolHandshake.createSession(ProtocolHandshake.java:128)
at org.openqa.selenium.remote.ProtocolHandshake.createSession(ProtocolHandshake.java:74)
at org.openqa.selenium.remote.HttpCommandExecutor.execute(HttpCommandExecutor.java:136)
at org.openqa.selenium.remote.service.DriverCommandExecutor.execute(DriverCommandExecutor.java:83)
at org.openqa.selenium.remote.RemoteWebDriver.execute(RemoteWebDriver.java:552)
at org.openqa.selenium.remote.RemoteWebDriver.startSession(RemoteWebDriver.java:213)
at org.openqa.selenium.remote.RemoteWebDriver.<init>(RemoteWebDriver.java:131)
at org.openqa.selenium.chrome.ChromeDriver.<init>(ChromeDriver.java:181)
at org.openqa.selenium.chrome.ChromeDriver.<init>(ChromeDriver.java:168)
at org.openqa.selenium.chrome.ChromeDriver.<init>(ChromeDriver.java:123)
at com.qa.hubspot.tests.BaseTest.setUp(BaseTest.java:20)
... Removed 32 stack frames]]>
    </failure>
  </testcase> <!-- @BeforeMethod setUp -->
  <testcase name="@AfterMethod tearDown" time="0.0" classname="com.qa.hubspot.tests.BaseTest">
    <skipped/>
  </testcase> <!-- @AfterMethod tearDown -->
  <testcase name="@BeforeMethod setUp" time="1.549" classname="com.qa.hubspot.tests.BaseTest">
    <failure type="org.openqa.selenium.SessionNotCreatedException" message="session not created: This version of ChromeDriver only supports Chrome version 81
Build info: version: &amp;apos;3.141.59&amp;apos;, revision: &amp;apos;e82be7d358&amp;apos;, time: &amp;apos;2018-11-14T08:17:03&amp;apos;
System info: host: &amp;apos;DESKTOP-BCBV1SP&amp;apos;, ip: &amp;apos;192.168.0.102&amp;apos;, os.name: &amp;apos;Windows 10&amp;apos;, os.arch: &amp;apos;amd64&amp;apos;, os.version: &amp;apos;10.0&amp;apos;, java.version: &amp;apos;1.8.0_131&amp;apos;
Driver info: driver.version: ChromeDriver
remote stacktrace: Backtrace:
	Ordinal0 [0x00A05F73+2449267]
	Ordinal0 [0x00938361+1606497]
	Ordinal0 [0x0082F969+522601]
	Ordinal0 [0x007C05F3+67059]
	Ordinal0 [0x007BCD92+52626]
	Ordinal0 [0x007DC127+180519]
	Ordinal0 [0x007DBF2D+180013]
	Ordinal0 [0x007D9E5B+171611]
	Ordinal0 [0x007C1DD8+73176]
	Ordinal0 [0x007C2E50+77392]
	Ordinal0 [0x007C2DE9+77289]
	Ordinal0 [0x0094D8D7+1693911]
	GetHandleVerifier [0x00AA4036+522726]
	GetHandleVerifier [0x00AA3D74+522020]
	GetHandleVerifier [0x00AB9187+609079]
	GetHandleVerifier [0x00AA48A6+524886]
	Ordinal0 [0x00945CBC+1662140]
	Ordinal0 [0x0094F23B+1700411]
	Ordinal0 [0x0094F3A3+1700771]
	Ordinal0 [0x00965215+1790485]
	BaseThreadInitThunk [0x74DE6359+25]
	RtlGetAppContainerNamedObjectPath [0x77047B74+228]
	RtlGetAppContainerNamedObjectPath [0x77047B44+180]
">
      <![CDATA[org.openqa.selenium.SessionNotCreatedException: session not created: This version of ChromeDriver only supports Chrome version 81
Build info: version: '3.141.59', revision: 'e82be7d358', time: '2018-11-14T08:17:03'
System info: host: 'DESKTOP-BCBV1SP', ip: '192.168.0.102', os.name: 'Windows 10', os.arch: 'amd64', os.version: '10.0', java.version: '1.8.0_131'
Driver info: driver.version: ChromeDriver
remote stacktrace: Backtrace:
Ordinal0 [0x00A05F73+2449267]
Ordinal0 [0x00938361+1606497]
Ordinal0 [0x0082F969+522601]
Ordinal0 [0x007C05F3+67059]
Ordinal0 [0x007BCD92+52626]
Ordinal0 [0x007DC127+180519]
Ordinal0 [0x007DBF2D+180013]
Ordinal0 [0x007D9E5B+171611]
Ordinal0 [0x007C1DD8+73176]
Ordinal0 [0x007C2E50+77392]
Ordinal0 [0x007C2DE9+77289]
Ordinal0 [0x0094D8D7+1693911]
GetHandleVerifier [0x00AA4036+522726]
GetHandleVerifier [0x00AA3D74+522020]
GetHandleVerifier [0x00AB9187+609079]
GetHandleVerifier [0x00AA48A6+524886]
Ordinal0 [0x00945CBC+1662140]
Ordinal0 [0x0094F23B+1700411]
Ordinal0 [0x0094F3A3+1700771]
Ordinal0 [0x00965215+1790485]
BaseThreadInitThunk [0x74DE6359+25]
RtlGetAppContainerNamedObjectPath [0x77047B74+228]
RtlGetAppContainerNamedObjectPath [0x77047B44+180]

at org.openqa.selenium.remote.W3CHandshakeResponse.lambda$errorHandler$0(W3CHandshakeResponse.java:62)
at org.openqa.selenium.remote.HandshakeResponse.lambda$getResponseFunction$0(HandshakeResponse.java:30)
at org.openqa.selenium.remote.ProtocolHandshake.lambda$createSession$0(ProtocolHandshake.java:126)
at java.util.stream.ReferencePipeline$3$1.accept(ReferencePipeline.java:193)
at java.util.Spliterators$ArraySpliterator.tryAdvance(Spliterators.java:958)
at java.util.stream.ReferencePipeline.forEachWithCancel(ReferencePipeline.java:126)
at java.util.stream.AbstractPipeline.copyIntoWithCancel(AbstractPipeline.java:498)
at java.util.stream.AbstractPipeline.copyInto(AbstractPipeline.java:485)
at java.util.stream.AbstractPipeline.wrapAndCopyInto(AbstractPipeline.java:471)
at java.util.stream.FindOps$FindOp.evaluateSequential(FindOps.java:152)
at java.util.stream.AbstractPipeline.evaluate(AbstractPipeline.java:234)
at java.util.stream.ReferencePipeline.findFirst(ReferencePipeline.java:464)
at org.openqa.selenium.remote.ProtocolHandshake.createSession(ProtocolHandshake.java:128)
at org.openqa.selenium.remote.ProtocolHandshake.createSession(ProtocolHandshake.java:74)
at org.openqa.selenium.remote.HttpCommandExecutor.execute(HttpCommandExecutor.java:136)
at org.openqa.selenium.remote.service.DriverCommandExecutor.execute(DriverCommandExecutor.java:83)
at org.openqa.selenium.remote.RemoteWebDriver.execute(RemoteWebDriver.java:552)
at org.openqa.selenium.remote.RemoteWebDriver.startSession(RemoteWebDriver.java:213)
at org.openqa.selenium.remote.RemoteWebDriver.<init>(RemoteWebDriver.java:131)
at org.openqa.selenium.chrome.ChromeDriver.<init>(ChromeDriver.java:181)
at org.openqa.selenium.chrome.ChromeDriver.<init>(ChromeDriver.java:168)
at org.openqa.selenium.chrome.ChromeDriver.<init>(ChromeDriver.java:123)
at com.qa.hubspot.tests.BaseTest.setUp(BaseTest.java:20)
... Removed 32 stack frames]]>
    </failure>
  </testcase> <!-- @BeforeMethod setUp -->
  <testcase name="@AfterMethod tearDown" time="0.0" classname="com.qa.hubspot.tests.BaseTest">
    <skipped/>
  </testcase> <!-- @AfterMethod tearDown -->
  <testcase name="@BeforeMethod setUp" time="0.0" classname="com.qa.hubspot.tests.BaseTest">
    <skipped/>
  </testcase> <!-- @BeforeMethod setUp -->
  <testcase name="@AfterMethod tearDown" time="0.0" classname="com.qa.hubspot.tests.BaseTest">
    <skipped/>
  </testcase> <!-- @AfterMethod tearDown -->
  <testcase name="@BeforeMethod setUp" time="0.0" classname="com.qa.hubspot.tests.BaseTest">
    <skipped/>
  </testcase> <!-- @BeforeMethod setUp -->
  <testcase name="@AfterMethod tearDown" time="0.0" classname="com.qa.hubspot.tests.BaseTest">
    <skipped/>
  </testcase> <!-- @AfterMethod tearDown -->
  <testcase name="verifyLoginPageTitleTest" time="0.0" classname="com.qa.hubspot.tests.LoginPageTest">
    <skipped/>
  </testcase> <!-- verifyLoginPageTitleTest -->
  <testcase name="homePageTitleTest" time="0.0" classname="com.qa.hubspot.tests.HomePageTest">
    <skipped/>
  </testcase> <!-- homePageTitleTest -->
  <testcase name="loginTest" time="0.0" classname="com.qa.hubspot.tests.LoginPageTest">
    <skipped/>
  </testcase> <!-- loginTest -->
  <testcase name="verifyHomePageHeaderTest" time="0.0" classname="com.qa.hubspot.tests.HomePageTest">
    <skipped/>
  </testcase> <!-- verifyHomePageHeaderTest -->
</testsuite> <!-- Hub Spot Regression Test Cases -->
